<?xml version="1.0" encoding="UTF-8"?>
<testsuite name="com.example.SpringBasicReview.scan.AutoAppConfigTest" tests="1" skipped="0" failures="0" errors="0" timestamp="2023-07-07T11:44:32" hostname="JH-MacBook-Air.local" time="0.02">
  <properties/>
  <testcase name="basicScan()" classname="com.example.SpringBasicReview.scan.AutoAppConfigTest" time="0.02"/>
  <system-out><![CDATA[]]></system-out>
  <system-err><![CDATA[]]></system-err>
</testsuite>
