<?xml version="1.0" encoding="UTF-8"?>
<testsuite name="com.example.SpringBasicReview.SpringBasicReviewApplicationTests" tests="1" skipped="0" failures="0" errors="0" timestamp="2023-07-07T11:44:32" hostname="JH-MacBook-Air.local" time="0.277">
  <properties/>
  <testcase name="contextLoads()" classname="com.example.SpringBasicReview.SpringBasicReviewApplicationTests" time="0.277"/>
  <system-out><![CDATA[20:44:31.713 [Test worker] DEBUG org.springframework.test.context.BootstrapUtils - Instantiating CacheAwareContextLoaderDelegate from class [org.springframework.test.context.cache.DefaultCacheAwareContextLoaderDelegate]
20:44:31.719 [Test worker] DEBUG org.springframework.test.context.BootstrapUtils - Instantiating BootstrapContext using constructor [public org.springframework.test.context.support.DefaultBootstrapContext(java.lang.Class,org.springframework.test.context.CacheAwareContextLoaderDelegate)]
20:44:31.739 [Test worker] DEBUG org.springframework.test.context.BootstrapUtils - Instantiating TestContextBootstrapper for test class [com.example.SpringBasicReview.SpringBasicReviewApplicationTests] from class [org.springframework.boot.test.context.SpringBootTestContextBootstrapper]
20:44:31.744 [Test worker] INFO org.springframework.boot.test.context.SpringBootTestContextBootstrapper - Neither @ContextConfiguration nor @ContextHierarchy found for test class [com.example.SpringBasicReview.SpringBasicReviewApplicationTests], using SpringBootContextLoader
20:44:31.746 [Test worker] DEBUG org.springframework.test.context.support.AbstractContextLoader - Did not detect default resource location for test class [com.example.SpringBasicReview.SpringBasicReviewApplicationTests]: class path resource [com/example/SpringBasicReview/SpringBasicReviewApplicationTests-context.xml] does not exist
20:44:31.746 [Test worker] DEBUG org.springframework.test.context.support.AbstractContextLoader - Did not detect default resource location for test class [com.example.SpringBasicReview.SpringBasicReviewApplicationTests]: class path resource [com/example/SpringBasicReview/SpringBasicReviewApplicationTestsContext.groovy] does not exist
20:44:31.746 [Test worker] INFO org.springframework.test.context.support.AbstractContextLoader - Could not detect default resource locations for test class [com.example.SpringBasicReview.SpringBasicReviewApplicationTests]: no resource found for suffixes {-context.xml, Context.groovy}.
20:44:31.747 [Test worker] INFO org.springframework.test.context.support.AnnotationConfigContextLoaderUtils - Could not detect default configuration classes for test class [com.example.SpringBasicReview.SpringBasicReviewApplicationTests]: SpringBasicReviewApplicationTests does not declare any static, non-private, non-final, nested classes annotated with @Configuration.
20:44:31.766 [Test worker] DEBUG org.springframework.test.context.support.ActiveProfilesUtils - Could not find an 'annotation declaring class' for annotation type [org.springframework.test.context.ActiveProfiles] and class [com.example.SpringBasicReview.SpringBasicReviewApplicationTests]
20:44:31.799 [Test worker] DEBUG org.springframework.context.annotation.ClassPathScanningCandidateComponentProvider - Identified candidate component class: file [/Users/junhyoung/Organized/AStudy/SpringMVC/SpringBasicReview/build/classes/java/main/com/example/SpringBasicReview/SpringBasicReviewApplication.class]
20:44:31.799 [Test worker] INFO org.springframework.boot.test.context.SpringBootTestContextBootstrapper - Found @SpringBootConfiguration com.example.SpringBasicReview.SpringBasicReviewApplication for test class com.example.SpringBasicReview.SpringBasicReviewApplicationTests
20:44:31.841 [Test worker] DEBUG org.springframework.boot.test.context.SpringBootTestContextBootstrapper - @TestExecutionListeners is not present for class [com.example.SpringBasicReview.SpringBasicReviewApplicationTests]: using defaults.
20:44:31.841 [Test worker] INFO org.springframework.boot.test.context.SpringBootTestContextBootstrapper - Loaded default TestExecutionListener class names from location [META-INF/spring.factories]: [org.springframework.boot.test.autoconfigure.restdocs.RestDocsTestExecutionListener, org.springframework.boot.test.autoconfigure.web.client.MockRestServiceServerResetTestExecutionListener, org.springframework.boot.test.autoconfigure.web.servlet.MockMvcPrintOnlyOnFailureTestExecutionListener, org.springframework.boot.test.autoconfigure.web.servlet.WebDriverTestExecutionListener, org.springframework.boot.test.autoconfigure.webservices.client.MockWebServiceServerTestExecutionListener, org.springframework.boot.test.mock.mockito.MockitoTestExecutionListener, org.springframework.boot.test.mock.mockito.ResetMocksTestExecutionListener, org.springframework.test.context.web.ServletTestExecutionListener, org.springframework.test.context.support.DirtiesContextBeforeModesTestExecutionListener, org.springframework.test.context.event.ApplicationEventsTestExecutionListener, org.springframework.test.context.support.DependencyInjectionTestExecutionListener, org.springframework.test.context.support.DirtiesContextTestExecutionListener, org.springframework.test.context.transaction.TransactionalTestExecutionListener, org.springframework.test.context.jdbc.SqlScriptsTestExecutionListener, org.springframework.test.context.event.EventPublishingTestExecutionListener]
20:44:31.846 [Test worker] DEBUG org.springframework.boot.test.context.SpringBootTestContextBootstrapper - Skipping candidate TestExecutionListener [org.springframework.test.context.web.ServletTestExecutionListener] due to a missing dependency. Specify custom listener classes or make the default listener classes and their required dependencies available. Offending class: [javax/servlet/ServletContext]
20:44:31.847 [Test worker] DEBUG org.springframework.boot.test.context.SpringBootTestContextBootstrapper - Skipping candidate TestExecutionListener [org.springframework.test.context.transaction.TransactionalTestExecutionListener] due to a missing dependency. Specify custom listener classes or make the default listener classes and their required dependencies available. Offending class: [org/springframework/transaction/interceptor/TransactionAttributeSource]
20:44:31.847 [Test worker] DEBUG org.springframework.boot.test.context.SpringBootTestContextBootstrapper - Skipping candidate TestExecutionListener [org.springframework.test.context.jdbc.SqlScriptsTestExecutionListener] due to a missing dependency. Specify custom listener classes or make the default listener classes and their required dependencies available. Offending class: [org/springframework/transaction/interceptor/TransactionAttribute]
20:44:31.848 [Test worker] INFO org.springframework.boot.test.context.SpringBootTestContextBootstrapper - Using TestExecutionListeners: [org.springframework.test.context.support.DirtiesContextBeforeModesTestExecutionListener@306851c7, org.springframework.test.context.event.ApplicationEventsTestExecutionListener@12bcd0c0, org.springframework.boot.test.mock.mockito.MockitoTestExecutionListener@4879f0f2, org.springframework.boot.test.autoconfigure.SpringBootDependencyInjectionTestExecutionListener@47db5fa5, org.springframework.test.context.support.DirtiesContextTestExecutionListener@354fc8f0, org.springframework.test.context.event.EventPublishingTestExecutionListener@41813449, org.springframework.boot.test.autoconfigure.restdocs.RestDocsTestExecutionListener@4678a2eb, org.springframework.boot.test.autoconfigure.web.client.MockRestServiceServerResetTestExecutionListener@5b43fbf6, org.springframework.boot.test.autoconfigure.web.servlet.MockMvcPrintOnlyOnFailureTestExecutionListener@1080b026, org.springframework.boot.test.autoconfigure.web.servlet.WebDriverTestExecutionListener@58ebfd03, org.springframework.boot.test.autoconfigure.webservices.client.MockWebServiceServerTestExecutionListener@5b07730f, org.springframework.boot.test.mock.mockito.ResetMocksTestExecutionListener@1fdfafd2]
20:44:31.849 [Test worker] DEBUG org.springframework.test.context.support.AbstractDirtiesContextTestExecutionListener - Before test class: context [DefaultTestContext@62ea3440 testClass = SpringBasicReviewApplicationTests, testInstance = [null], testMethod = [null], testException = [null], mergedContextConfiguration = [MergedContextConfiguration@27953a83 testClass = SpringBasicReviewApplicationTests, locations = '{}', classes = '{class com.example.SpringBasicReview.SpringBasicReviewApplication}', contextInitializerClasses = '[]', activeProfiles = '{}', propertySourceLocations = '{}', propertySourceProperties = '{org.springframework.boot.test.context.SpringBootTestContextBootstrapper=true}', contextCustomizers = set[org.springframework.boot.test.autoconfigure.actuate.metrics.MetricsExportContextCustomizerFactory$DisableMetricExportContextCustomizer@2e48362c, org.springframework.boot.test.autoconfigure.properties.PropertyMappingContextCustomizer@0, org.springframework.boot.test.autoconfigure.web.servlet.WebDriverContextCustomizerFactory$Customizer@2421cc4, org.springframework.boot.test.context.filter.ExcludeFilterContextCustomizer@58ce9668, org.springframework.boot.test.json.DuplicateJsonObjectContextCustomizerFactory$DuplicateJsonObjectContextCustomizer@1fa1cab1, org.springframework.boot.test.mock.mockito.MockitoContextCustomizer@0, org.springframework.boot.test.web.client.TestRestTemplateContextCustomizer@8576fa0, org.springframework.boot.test.context.SpringBootTestArgs@1, org.springframework.boot.test.context.SpringBootTestWebEnvironment@131ef10], contextLoader = 'org.springframework.boot.test.context.SpringBootContextLoader', parent = [null]], attributes = map[[empty]]], class annotated with @DirtiesContext [false] with mode [null].
20:44:31.856 [Test worker] DEBUG org.springframework.test.context.support.DependencyInjectionTestExecutionListener - Performing dependency injection for test context [[DefaultTestContext@62ea3440 testClass = SpringBasicReviewApplicationTests, testInstance = com.example.SpringBasicReview.SpringBasicReviewApplicationTests@4f2c9ba6, testMethod = [null], testException = [null], mergedContextConfiguration = [MergedContextConfiguration@27953a83 testClass = SpringBasicReviewApplicationTests, locations = '{}', classes = '{class com.example.SpringBasicReview.SpringBasicReviewApplication}', contextInitializerClasses = '[]', activeProfiles = '{}', propertySourceLocations = '{}', propertySourceProperties = '{org.springframework.boot.test.context.SpringBootTestContextBootstrapper=true}', contextCustomizers = set[org.springframework.boot.test.autoconfigure.actuate.metrics.MetricsExportContextCustomizerFactory$DisableMetricExportContextCustomizer@2e48362c, org.springframework.boot.test.autoconfigure.properties.PropertyMappingContextCustomizer@0, org.springframework.boot.test.autoconfigure.web.servlet.WebDriverContextCustomizerFactory$Customizer@2421cc4, org.springframework.boot.test.context.filter.ExcludeFilterContextCustomizer@58ce9668, org.springframework.boot.test.json.DuplicateJsonObjectContextCustomizerFactory$DuplicateJsonObjectContextCustomizer@1fa1cab1, org.springframework.boot.test.mock.mockito.MockitoContextCustomizer@0, org.springframework.boot.test.web.client.TestRestTemplateContextCustomizer@8576fa0, org.springframework.boot.test.context.SpringBootTestArgs@1, org.springframework.boot.test.context.SpringBootTestWebEnvironment@131ef10], contextLoader = 'org.springframework.boot.test.context.SpringBootContextLoader', parent = [null]], attributes = map['org.springframework.test.context.event.ApplicationEventsTestExecutionListener.recordApplicationEvents' -> false]]].

  .   ____          _            __ _ _
 /\\ / ___'_ __ _ _(_)_ __  __ _ \ \ \ \
( ( )\___ | '_ | '_| | '_ \/ _` | \ \ \ \
 \\/  ___)| |_)| | | | | || (_| |  ) ) ) )
  '  |____| .__|_| |_|_| |_\__, | / / / /
 =========|_|==============|___/=/_/_/_/
 :: Spring Boot ::               (v2.7.12)

2023-07-07 20:44:32.020  INFO 6668 --- [    Test worker] c.e.S.SpringBasicReviewApplicationTests  : Starting SpringBasicReviewApplicationTests using Java 17.0.7 on JH-MacBook-Air.local with PID 6668 (started by junhyoung in /Users/junhyoung/Organized/AStudy/SpringMVC/SpringBasicReview)
2023-07-07 20:44:32.021  INFO 6668 --- [    Test worker] c.e.S.SpringBasicReviewApplicationTests  : No active profile set, falling back to 1 default profile: "default"
call Appconfig.memberRepository
call Appconfig.memberService
call Appconfig.orderService
2023-07-07 20:44:32.313  INFO 6668 --- [    Test worker] c.e.S.SpringBasicReviewApplicationTests  : Started SpringBasicReviewApplicationTests in 0.444 seconds (JVM running for 1.053)
]]></system-out>
  <system-err><![CDATA[]]></system-err>
</testsuite>
