<?xml version="1.0" encoding="UTF-8"?>
<testsuite name="com.example.SpringBasicReview.scan.filter.ComponentFilterAppConfigTest" tests="1" skipped="0" failures="0" errors="0" timestamp="2023-07-07T11:44:32" hostname="JH-MacBook-Air.local" time="0.007">
  <properties/>
  <testcase name="filterScan()" classname="com.example.SpringBasicReview.scan.filter.ComponentFilterAppConfigTest" time="0.007"/>
  <system-out><![CDATA[]]></system-out>
  <system-err><![CDATA[]]></system-err>
</testsuite>
