<?xml version="1.0" encoding="UTF-8"?>
<testsuite name="com.example.SpringBasicReview.domain.ConfigurationSingletonTest" tests="2" skipped="0" failures="0" errors="0" timestamp="2023-07-07T11:44:32" hostname="JH-MacBook-Air.local" time="0.014">
  <properties/>
  <testcase name="getClass" classname="com.example.SpringBasicReview.domain.ConfigurationSingletonTest" time="0.005"/>
  <testcase name="configurationTest()" classname="com.example.SpringBasicReview.domain.ConfigurationSingletonTest" time="0.008"/>
  <system-out><![CDATA[call Appconfig.memberService
call Appconfig.memberRepository
call Appconfig.orderService
bean.getClass() = class com.example.SpringBasicReview.Appconfig$$EnhancerBySpringCGLIB$$38c6be13
call Appconfig.memberService
call Appconfig.memberRepository
call Appconfig.orderService
memberService -> memberRepository = com.example.SpringBasicReview.repository.MemoryMemberRepository@5e13f156
orderService -> memberRepository = com.example.SpringBasicReview.repository.MemoryMemberRepository@5e13f156
memberRepository = com.example.SpringBasicReview.repository.MemoryMemberRepository@5e13f156
]]></system-out>
  <system-err><![CDATA[]]></system-err>
</testsuite>
